

Started GET "/" for 127.0.0.1 at 2014-11-24 15:40:16 +0100
Processing by Rails::WelcomeController#index as HTML
  Rendered C:/RailsInstaller/Ruby1.9.3/lib/ruby/gems/1.9.1/gems/railties-4.1.7/lib/rails/templates/rails/welcome/index.html.erb (43.0ms)
Completed 200 OK in 194ms (Views: 193.0ms | ActiveRecord: 0.0ms)


Started GET "/static_pages/home" for 127.0.0.1 at 2014-11-24 15:58:57 +0100
Processing by StaticPagesController#home as HTML
  Rendered static_pages/home.html.erb within layouts/application (0.0ms)
Completed 500 Internal Server Error in 192ms

ActionView::Template::Error (couldn't find file 'turbolinks'
  (in C:/Users/Asus/Desktop/proyecto/viajes/app/assets/javascripts/application.js:15)):
    3: <head>
    4:   <title>Viajes</title>
    5:   <%= stylesheet_link_tag    'application', media: 'all', 'data-turbolinks-track' => true %>
    6:   <%= javascript_include_tag 'application', 'data-turbolinks-track' => true %>
    7:   <%= csrf_meta_tags %>
    8: </head>
    9: <body>
  app/views/layouts/application.html.erb:6:in `_app_views_layouts_application_html_erb__914052829_34697544'


  Rendered C:/RailsInstaller/Ruby1.9.3/lib/ruby/gems/1.9.1/gems/actionpack-4.1.7/lib/action_dispatch/middleware/templates/rescues/_trace.html.erb (1.0ms)
  Rendered C:/RailsInstaller/Ruby1.9.3/lib/ruby/gems/1.9.1/gems/actionpack-4.1.7/lib/action_dispatch/middleware/templates/rescues/_request_and_response.html.erb (45.0ms)
  Rendered C:/RailsInstaller/Ruby1.9.3/lib/ruby/gems/1.9.1/gems/actionpack-4.1.7/lib/action_dispatch/middleware/templates/rescues/template_error.html.erb within rescues/layout (122.0ms)


Started GET "/static_pages/home" for 127.0.0.1 at 2014-11-24 15:59:40 +0100
Processing by StaticPagesController#home as HTML
  Rendered static_pages/home.html.erb within layouts/application (0.0ms)
Completed 200 OK in 1204ms (Views: 1204.1ms | ActiveRecord: 0.0ms)


Started GET "/assets/jquery.js?body=1" for 127.0.0.1 at 2014-11-24 15:59:42 +0100


Started GET "/assets/static_pages.css?body=1" for 127.0.0.1 at 2014-11-24 15:59:42 +0100


Started GET "/assets/application.css?body=1" for 127.0.0.1 at 2014-11-24 15:59:42 +0100


Started GET "/assets/jquery_ujs.js?body=1" for 127.0.0.1 at 2014-11-24 15:59:42 +0100


Started GET "/assets/static_pages.js?body=1" for 127.0.0.1 at 2014-11-24 15:59:42 +0100


Started GET "/assets/application.js?body=1" for 127.0.0.1 at 2014-11-24 15:59:42 +0100


Started GET "/" for 127.0.0.1 at 2014-11-24 16:04:26 +0100
Processing by StaticPagesController#home as HTML
  Rendered static_pages/home.html.erb within layouts/application (0.0ms)
Completed 200 OK in 70ms (Views: 70.0ms | ActiveRecord: 0.0ms)


Started GET "/assets/application.js?body=1" for 127.0.0.1 at 2014-11-24 16:04:27 +0100


Started GET "/assets/static_pages.css?body=1" for 127.0.0.1 at 2014-11-24 16:04:27 +0100


Started GET "/assets/application.css?body=1" for 127.0.0.1 at 2014-11-24 16:04:27 +0100


Started GET "/assets/static_pages.js?body=1" for 127.0.0.1 at 2014-11-24 16:04:27 +0100


Started GET "/" for 127.0.0.1 at 2014-11-24 16:33:45 +0100
Processing by StaticPagesController#home as HTML
  Rendered static_pages/home.html.erb within layouts/application (0.0ms)
Completed 200 OK in 81ms (Views: 81.0ms | ActiveRecord: 0.0ms)


Started GET "/assets/application.css?body=1" for 127.0.0.1 at 2014-11-24 16:33:45 +0100


Started GET "/assets/static_pages.js?body=1" for 127.0.0.1 at 2014-11-24 16:33:45 +0100


Started GET "/assets/jquery.js?body=1" for 127.0.0.1 at 2014-11-24 16:33:45 +0100


Started GET "/assets/static_pages.css?body=1" for 127.0.0.1 at 2014-11-24 16:33:45 +0100


Started GET "/assets/jquery_ujs.js?body=1" for 127.0.0.1 at 2014-11-24 16:33:45 +0100


Started GET "/assets/application.js?body=1" for 127.0.0.1 at 2014-11-24 16:33:45 +0100
  [1m[36m (104.0ms)[0m  [1mCREATE TABLE "schema_migrations" ("version" varchar(255) NOT NULL) [0m
  [1m[35m (0.0ms)[0m  select sqlite_version(*)
  [1m[36m (94.0ms)[0m  [1mCREATE UNIQUE INDEX "unique_schema_migrations" ON "schema_migrations" ("version")[0m
  [1m[35mActiveRecord::SchemaMigration Load (2.0ms)[0m  SELECT "schema_migrations".* FROM "schema_migrations"
Migrating to CreateUsers (20141124155506)
  [1m[36m (1.0ms)[0m  [1mbegin transaction[0m
  [1m[35m (2.0ms)[0m  CREATE TABLE "users" ("id" INTEGER PRIMARY KEY AUTOINCREMENT NOT NULL, "name" varchar(255), "team" varchar(255), "created_at" datetime, "updated_at" datetime) 
  [1m[36mSQL (0.0ms)[0m  [1mINSERT INTO "schema_migrations" ("version") VALUES (?)[0m  [["version", "20141124155506"]]
  [1m[35m (140.0ms)[0m  commit transaction
  [1m[36mActiveRecord::SchemaMigration Load (1.0ms)[0m  [1mSELECT "schema_migrations".* FROM "schema_migrations"[0m
  [1m[36mActiveRecord::SchemaMigration Load (0.0ms)[0m  [1mSELECT "schema_migrations".* FROM "schema_migrations"[0m
Migrating to CreateTrips (20141124160040)
  [1m[35m (0.0ms)[0m  begin transaction
  [1m[36m (15.6ms)[0m  [1mCREATE TABLE "trips" ("id" INTEGER PRIMARY KEY AUTOINCREMENT NOT NULL, "city" varchar(255), "team" varchar(255), "stadium" varchar(255), "string" varchar(255), "created_at" datetime, "updated_at" datetime) [0m
  [1m[35mSQL (0.0ms)[0m  INSERT INTO "schema_migrations" ("version") VALUES (?)  [["version", "20141124160040"]]
  [1m[36m (171.6ms)[0m  [1mcommit transaction[0m
  [1m[35mActiveRecord::SchemaMigration Load (0.0ms)[0m  SELECT "schema_migrations".* FROM "schema_migrations"
  [1m[36m (187.2ms)[0m  [1mCREATE TABLE "schema_migrations" ("version" varchar(255) NOT NULL) [0m
  [1m[35m (0.0ms)[0m  select sqlite_version(*)
  [1m[36m (124.8ms)[0m  [1mCREATE UNIQUE INDEX "unique_schema_migrations" ON "schema_migrations" ("version")[0m
  [1m[35mActiveRecord::SchemaMigration Load (15.6ms)[0m  SELECT "schema_migrations".* FROM "schema_migrations"
Migrating to CreateUsers (20141124155506)
  [1m[36m (0.0ms)[0m  [1mbegin transaction[0m
  [1m[35m (0.0ms)[0m  CREATE TABLE "users" ("id" INTEGER PRIMARY KEY AUTOINCREMENT NOT NULL, "name" varchar(255), "team" varchar(255), "created_at" datetime, "updated_at" datetime) 
  [1m[36mSQL (0.0ms)[0m  [1mINSERT INTO "schema_migrations" ("version") VALUES (?)[0m  [["version", "20141124155506"]]
  [1m[35m (109.2ms)[0m  commit transaction
Migrating to CreateTrips (20141124160040)
  [1m[36m (0.0ms)[0m  [1mbegin transaction[0m
  [1m[35m (15.6ms)[0m  CREATE TABLE "trips" ("id" INTEGER PRIMARY KEY AUTOINCREMENT NOT NULL, "city" varchar(255), "team" varchar(255), "stadium" varchar(255), "created_at" datetime, "updated_at" datetime) 
  [1m[36mSQL (0.0ms)[0m  [1mINSERT INTO "schema_migrations" ("version") VALUES (?)[0m  [["version", "20141124160040"]]
  [1m[35m (109.2ms)[0m  commit transaction
  [1m[36mActiveRecord::SchemaMigration Load (0.0ms)[0m  [1mSELECT "schema_migrations".* FROM "schema_migrations"[0m
  [1m[36mActiveRecord::SchemaMigration Load (0.0ms)[0m  [1mSELECT "schema_migrations".* FROM "schema_migrations"[0m
  [1m[35m (0.0ms)[0m  begin transaction
  [1m[36mSQL (0.0ms)[0m  [1mINSERT INTO "users" ("created_at", "name", "team", "updated_at") VALUES (?, ?, ?, ?)[0m  [["created_at", "2014-11-24 16:07:41.742662"], ["name", "Pepe"], ["team", "Betis"], ["updated_at", "2014-11-24 16:07:41.742662"]]
  [1m[35m (93.6ms)[0m  commit transaction
  [1m[36mUser Load (0.0ms)[0m  [1mSELECT "users".* FROM "users"[0m
  [1m[35mUser Load (0.0ms)[0m  SELECT  "users".* FROM "users"   ORDER BY "users"."id" ASC LIMIT 1


Started GET "/" for 127.0.0.1 at 2014-11-24 17:18:41 +0100
  [1m[36mActiveRecord::SchemaMigration Load (0.0ms)[0m  [1mSELECT "schema_migrations".* FROM "schema_migrations"[0m
Processing by StaticPagesController#home as HTML
  Rendered static_pages/home.html.erb within layouts/application (10.0ms)
Completed 200 OK in 300ms (Views: 300.0ms | ActiveRecord: 0.0ms)


Started GET "/assets/static_pages.css?body=1" for 127.0.0.1 at 2014-11-24 17:18:42 +0100


Started GET "/assets/application.css?body=1" for 127.0.0.1 at 2014-11-24 17:18:42 +0100


Started GET "/assets/application.js?body=1" for 127.0.0.1 at 2014-11-24 17:18:42 +0100


Started GET "/assets/jquery_ujs.js?body=1" for 127.0.0.1 at 2014-11-24 17:18:42 +0100


Started GET "/assets/jquery.js?body=1" for 127.0.0.1 at 2014-11-24 17:18:42 +0100


Started GET "/assets/static_pages.js?body=1" for 127.0.0.1 at 2014-11-24 17:18:42 +0100


Started GET "/assets/fondoo.jpg" for 127.0.0.1 at 2014-11-24 17:18:42 +0100


Started GET "/" for 127.0.0.1 at 2014-11-24 17:20:42 +0100
Processing by StaticPagesController#home as HTML
  Rendered static_pages/home.html.erb within layouts/application (0.0ms)
Completed 200 OK in 125ms (Views: 125.0ms | ActiveRecord: 0.0ms)


Started GET "/assets/application.css?body=1" for 127.0.0.1 at 2014-11-24 17:20:42 +0100


Started GET "/assets/jquery.js?body=1" for 127.0.0.1 at 2014-11-24 17:20:42 +0100


Started GET "/assets/static_pages.css?body=1" for 127.0.0.1 at 2014-11-24 17:20:42 +0100


Started GET "/assets/static_pages.js?body=1" for 127.0.0.1 at 2014-11-24 17:20:42 +0100


Started GET "/assets/application.js?body=1" for 127.0.0.1 at 2014-11-24 17:20:42 +0100


Started GET "/assets/jquery_ujs.js?body=1" for 127.0.0.1 at 2014-11-24 17:20:42 +0100


Started GET "/" for 127.0.0.1 at 2014-11-24 17:20:48 +0100
Processing by StaticPagesController#home as HTML
  Rendered static_pages/home.html.erb within layouts/application (0.0ms)
Completed 200 OK in 101ms (Views: 101.0ms | ActiveRecord: 0.0ms)


Started GET "/assets/jquery_ujs.js?body=1" for 127.0.0.1 at 2014-11-24 17:20:48 +0100


Started GET "/assets/application.css?body=1" for 127.0.0.1 at 2014-11-24 17:20:48 +0100


Started GET "/assets/static_pages.css?body=1" for 127.0.0.1 at 2014-11-24 17:20:48 +0100


Started GET "/assets/jquery.js?body=1" for 127.0.0.1 at 2014-11-24 17:20:48 +0100


Started GET "/assets/static_pages.js?body=1" for 127.0.0.1 at 2014-11-24 17:20:48 +0100


Started GET "/assets/application.js?body=1" for 127.0.0.1 at 2014-11-24 17:20:48 +0100


Started GET "/" for 127.0.0.1 at 2014-11-24 17:21:07 +0100
Processing by StaticPagesController#home as HTML
  Rendered static_pages/home.html.erb within layouts/application (0.0ms)
Completed 200 OK in 181ms (Views: 180.0ms | ActiveRecord: 0.0ms)


Started GET "/assets/application.css?body=1" for 127.0.0.1 at 2014-11-24 17:21:07 +0100


Started GET "/assets/static_pages.js?body=1" for 127.0.0.1 at 2014-11-24 17:21:07 +0100


Started GET "/assets/jquery.js?body=1" for 127.0.0.1 at 2014-11-24 17:21:07 +0100


Started GET "/assets/static_pages.css?body=1" for 127.0.0.1 at 2014-11-24 17:21:07 +0100


Started GET "/assets/jquery_ujs.js?body=1" for 127.0.0.1 at 2014-11-24 17:21:07 +0100


Started GET "/assets/application.js?body=1" for 127.0.0.1 at 2014-11-24 17:21:07 +0100


Started GET "/" for 127.0.0.1 at 2014-11-24 17:21:35 +0100
Processing by StaticPagesController#home as HTML
  Rendered static_pages/home.html.erb within layouts/application (0.0ms)
Completed 200 OK in 149ms (Views: 149.0ms | ActiveRecord: 0.0ms)


Started GET "/assets/jquery_ujs.js?body=1" for 127.0.0.1 at 2014-11-24 17:21:35 +0100


Started GET "/assets/application.css?body=1" for 127.0.0.1 at 2014-11-24 17:21:35 +0100


Started GET "/assets/static_pages.css?body=1" for 127.0.0.1 at 2014-11-24 17:21:35 +0100


Started GET "/assets/static_pages.js?body=1" for 127.0.0.1 at 2014-11-24 17:21:35 +0100


Started GET "/assets/jquery.js?body=1" for 127.0.0.1 at 2014-11-24 17:21:35 +0100


Started GET "/assets/application.js?body=1" for 127.0.0.1 at 2014-11-24 17:21:35 +0100


Started GET "/" for 127.0.0.1 at 2014-11-24 17:21:52 +0100
Processing by StaticPagesController#home as HTML
  Rendered static_pages/home.html.erb within layouts/application (0.0ms)
Completed 200 OK in 143ms (Views: 143.0ms | ActiveRecord: 0.0ms)


Started GET "/assets/static_pages.css?body=1" for 127.0.0.1 at 2014-11-24 17:21:52 +0100


Started GET "/assets/application.css?body=1" for 127.0.0.1 at 2014-11-24 17:21:52 +0100


Started GET "/assets/jquery_ujs.js?body=1" for 127.0.0.1 at 2014-11-24 17:21:52 +0100


Started GET "/assets/jquery.js?body=1" for 127.0.0.1 at 2014-11-24 17:21:52 +0100


Started GET "/assets/static_pages.js?body=1" for 127.0.0.1 at 2014-11-24 17:21:52 +0100


Started GET "/assets/application.js?body=1" for 127.0.0.1 at 2014-11-24 17:21:52 +0100


Started GET "/" for 127.0.0.1 at 2014-11-24 17:22:18 +0100
Processing by StaticPagesController#home as HTML
  Rendered static_pages/home.html.erb within layouts/application (0.0ms)
Completed 200 OK in 132ms (Views: 131.0ms | ActiveRecord: 0.0ms)


Started GET "/assets/static_pages.js?body=1" for 127.0.0.1 at 2014-11-24 17:22:18 +0100


Started GET "/assets/jquery.js?body=1" for 127.0.0.1 at 2014-11-24 17:22:18 +0100


Started GET "/assets/static_pages.css?body=1" for 127.0.0.1 at 2014-11-24 17:22:18 +0100


Started GET "/assets/jquery_ujs.js?body=1" for 127.0.0.1 at 2014-11-24 17:22:18 +0100


Started GET "/assets/application.css?body=1" for 127.0.0.1 at 2014-11-24 17:22:18 +0100


Started GET "/assets/application.js?body=1" for 127.0.0.1 at 2014-11-24 17:22:18 +0100


Started GET "/" for 127.0.0.1 at 2014-11-24 17:22:36 +0100
Processing by StaticPagesController#home as HTML
  Rendered static_pages/home.html.erb within layouts/application (0.0ms)
Completed 200 OK in 149ms (Views: 148.0ms | ActiveRecord: 0.0ms)


Started GET "/assets/application.css?body=1" for 127.0.0.1 at 2014-11-24 17:22:36 +0100


Started GET "/assets/jquery_ujs.js?body=1" for 127.0.0.1 at 2014-11-24 17:22:36 +0100


Started GET "/assets/static_pages.js?body=1" for 127.0.0.1 at 2014-11-24 17:22:36 +0100


Started GET "/assets/jquery.js?body=1" for 127.0.0.1 at 2014-11-24 17:22:36 +0100


Started GET "/assets/static_pages.css?body=1" for 127.0.0.1 at 2014-11-24 17:22:36 +0100


Started GET "/assets/application.js?body=1" for 127.0.0.1 at 2014-11-24 17:22:36 +0100


Started GET "/assets/fondoo.jpg" for 127.0.0.1 at 2014-11-24 17:22:36 +0100


Started GET "/" for 127.0.0.1 at 2014-11-24 17:23:41 +0100
Processing by StaticPagesController#home as HTML
  Rendered static_pages/home.html.erb within layouts/application (0.0ms)
Completed 200 OK in 145ms (Views: 145.0ms | ActiveRecord: 0.0ms)


Started GET "/assets/jquery.js?body=1" for 127.0.0.1 at 2014-11-24 17:23:41 +0100


Started GET "/assets/static_pages.css?body=1" for 127.0.0.1 at 2014-11-24 17:23:41 +0100


Started GET "/assets/static_pages.js?body=1" for 127.0.0.1 at 2014-11-24 17:23:41 +0100


Started GET "/assets/application.css?body=1" for 127.0.0.1 at 2014-11-24 17:23:41 +0100


Started GET "/assets/jquery_ujs.js?body=1" for 127.0.0.1 at 2014-11-24 17:23:41 +0100


Started GET "/assets/application.js?body=1" for 127.0.0.1 at 2014-11-24 17:23:41 +0100


Started GET "/assets/fondoo.jpg" for 127.0.0.1 at 2014-11-24 17:23:41 +0100


Started GET "/" for 127.0.0.1 at 2014-11-24 17:24:21 +0100
Processing by StaticPagesController#home as HTML
  Rendered static_pages/home.html.erb within layouts/application (0.0ms)
Completed 200 OK in 117ms (Views: 117.0ms | ActiveRecord: 0.0ms)


Started GET "/assets/application.css?body=1" for 127.0.0.1 at 2014-11-24 17:24:22 +0100


Started GET "/assets/static_pages.js?body=1" for 127.0.0.1 at 2014-11-24 17:24:22 +0100


Started GET "/assets/jquery.js?body=1" for 127.0.0.1 at 2014-11-24 17:24:22 +0100


Started GET "/assets/static_pages.css?body=1" for 127.0.0.1 at 2014-11-24 17:24:22 +0100


Started GET "/assets/jquery_ujs.js?body=1" for 127.0.0.1 at 2014-11-24 17:24:22 +0100


Started GET "/assets/application.js?body=1" for 127.0.0.1 at 2014-11-24 17:24:22 +0100


Started GET "/assets/fondoo.jpg" for 127.0.0.1 at 2014-11-24 17:24:22 +0100


Started GET "/" for 127.0.0.1 at 2014-11-24 17:31:21 +0100
  [1m[36mActiveRecord::SchemaMigration Load (0.0ms)[0m  [1mSELECT "schema_migrations".* FROM "schema_migrations"[0m
Processing by StaticPagesController#home as HTML
  Rendered static_pages/home.html.erb within layouts/application (11.0ms)
Completed 200 OK in 277ms (Views: 276.0ms | ActiveRecord: 0.0ms)


Started GET "/assets/static_pages.css?body=1" for 127.0.0.1 at 2014-11-24 17:31:23 +0100


Started GET "/assets/jquery_ujs.js?body=1" for 127.0.0.1 at 2014-11-24 17:31:23 +0100


Started GET "/assets/application.css?body=1" for 127.0.0.1 at 2014-11-24 17:31:23 +0100


Started GET "/assets/static_pages.js?body=1" for 127.0.0.1 at 2014-11-24 17:31:23 +0100


Started GET "/assets/jquery.js?body=1" for 127.0.0.1 at 2014-11-24 17:31:23 +0100


Started GET "/assets/application.js?body=1" for 127.0.0.1 at 2014-11-24 17:31:23 +0100


Started GET "/assets/fondoo.jpg" for 127.0.0.1 at 2014-11-24 17:31:23 +0100


Started GET "/" for 127.0.0.1 at 2014-11-24 17:31:44 +0100
Processing by StaticPagesController#home as HTML
  Rendered static_pages/home.html.erb within layouts/application (0.0ms)
Completed 200 OK in 114ms (Views: 114.0ms | ActiveRecord: 0.0ms)


Started GET "/assets/static_pages.css?body=1" for 127.0.0.1 at 2014-11-24 17:31:44 +0100


Started GET "/assets/application.css?body=1" for 127.0.0.1 at 2014-11-24 17:31:44 +0100


Started GET "/assets/jquery_ujs.js?body=1" for 127.0.0.1 at 2014-11-24 17:31:44 +0100


Started GET "/assets/static_pages.js?body=1" for 127.0.0.1 at 2014-11-24 17:31:44 +0100


Started GET "/assets/jquery.js?body=1" for 127.0.0.1 at 2014-11-24 17:31:44 +0100


Started GET "/assets/application.js?body=1" for 127.0.0.1 at 2014-11-24 17:31:44 +0100


Started GET "/assets/fondoo.jpg" for 127.0.0.1 at 2014-11-24 17:31:44 +0100
  [1m[36m (187.2ms)[0m  [1mCREATE TABLE "schema_migrations" ("version" varchar(255) NOT NULL) [0m
  [1m[35m (0.0ms)[0m  select sqlite_version(*)
  [1m[36m (171.6ms)[0m  [1mCREATE UNIQUE INDEX "unique_schema_migrations" ON "schema_migrations" ("version")[0m
  [1m[35mActiveRecord::SchemaMigration Load (0.0ms)[0m  SELECT "schema_migrations".* FROM "schema_migrations"
Migrating to CreateUsers (20141124155506)
  [1m[36m (0.0ms)[0m  [1mbegin transaction[0m
  [1m[35m (0.0ms)[0m  CREATE TABLE "users" ("id" INTEGER PRIMARY KEY AUTOINCREMENT NOT NULL, "name" varchar(255), "team" varchar(255), "created_at" datetime, "updated_at" datetime) 
  [1m[36mSQL (0.0ms)[0m  [1mINSERT INTO "schema_migrations" ("version") VALUES (?)[0m  [["version", "20141124155506"]]
  [1m[35m (93.6ms)[0m  commit transaction
Migrating to CreateTrips (20141124160040)
  [1m[36m (0.0ms)[0m  [1mbegin transaction[0m
  [1m[35m (0.0ms)[0m  CREATE TABLE "trips" ("id" INTEGER PRIMARY KEY AUTOINCREMENT NOT NULL, "city" varchar(255), "team" varchar(255), "stadium" varchar(255), "created_at" datetime, "updated_at" datetime) 
  [1m[36mSQL (15.6ms)[0m  [1mINSERT INTO "schema_migrations" ("version") VALUES (?)[0m  [["version", "20141124160040"]]
  [1m[35m (171.6ms)[0m  commit transaction
  [1m[36mActiveRecord::SchemaMigration Load (15.6ms)[0m  [1mSELECT "schema_migrations".* FROM "schema_migrations"[0m
  [1m[36mActiveRecord::SchemaMigration Load (0.0ms)[0m  [1mSELECT "schema_migrations".* FROM "schema_migrations"[0m
  [1m[36mActiveRecord::SchemaMigration Load (0.0ms)[0m  [1mSELECT "schema_migrations".* FROM "schema_migrations"[0m
  [1m[36mActiveRecord::SchemaMigration Load (0.0ms)[0m  [1mSELECT "schema_migrations".* FROM "schema_migrations"[0m
  [1m[36mActiveRecord::SchemaMigration Load (0.0ms)[0m  [1mSELECT "schema_migrations".* FROM "schema_migrations"[0m
  [1m[36mActiveRecord::SchemaMigration Load (0.0ms)[0m  [1mSELECT "schema_migrations".* FROM "schema_migrations"[0m
  [1m[35m (0.0ms)[0m  begin transaction
  [1m[36mSQL (0.0ms)[0m  [1mINSERT INTO "users" ("created_at", "name", "team", "updated_at") VALUES (?, ?, ?, ?)[0m  [["created_at", "2014-11-24 16:44:35.490184"], ["name", "Pepe Dominguez"], ["team", "Betis"], ["updated_at", "2014-11-24 16:44:35.490184"]]
  [1m[35m (249.6ms)[0m  commit transaction
  [1m[36m (0.0ms)[0m  [1mbegin transaction[0m
  [1m[35mSQL (0.0ms)[0m  INSERT INTO "users" ("created_at", "name", "team", "updated_at") VALUES (?, ?, ?, ?)  [["created_at", "2014-11-24 16:44:35.755385"], ["name", "Paco Garcia"], ["team", "Levante"], ["updated_at", "2014-11-24 16:44:35.755385"]]
  [1m[36m (140.4ms)[0m  [1mcommit transaction[0m
  [1m[35m (0.0ms)[0m  begin transaction
  [1m[36mSQL (15.6ms)[0m  [1mINSERT INTO "users" ("created_at", "name", "team", "updated_at") VALUES (?, ?, ?, ?)[0m  [["created_at", "2014-11-24 16:44:35.895785"], ["name", "Juan Gonzalez"], ["team", "Enpanyol"], ["updated_at", "2014-11-24 16:44:35.895785"]]
  [1m[35m (187.2ms)[0m  commit transaction
  [1m[36mUser Load (15.6ms)[0m  [1mSELECT "users".* FROM "users"[0m
  [1m[35mUser Load (0.0ms)[0m  SELECT  "users".* FROM "users"   ORDER BY "users"."id" DESC LIMIT 1
  [1m[36m (140.4ms)[0m  [1mCREATE TABLE "schema_migrations" ("version" varchar(255) NOT NULL) [0m
  [1m[35m (0.0ms)[0m  select sqlite_version(*)
  [1m[36m (109.2ms)[0m  [1mCREATE UNIQUE INDEX "unique_schema_migrations" ON "schema_migrations" ("version")[0m
  [1m[35mActiveRecord::SchemaMigration Load (0.0ms)[0m  SELECT "schema_migrations".* FROM "schema_migrations"
Migrating to CreateUsers (20141124155506)
  [1m[36m (0.0ms)[0m  [1mbegin transaction[0m
  [1m[35m (15.6ms)[0m  CREATE TABLE "users" ("id" INTEGER PRIMARY KEY AUTOINCREMENT NOT NULL, "name" varchar(255), "team" varchar(255), "created_at" datetime, "updated_at" datetime) 
  [1m[36mSQL (0.0ms)[0m  [1mINSERT INTO "schema_migrations" ("version") VALUES (?)[0m  [["version", "20141124155506"]]
  [1m[35m (234.0ms)[0m  commit transaction
Migrating to CreateTrips (20141124160040)
  [1m[36m (0.0ms)[0m  [1mbegin transaction[0m
  [1m[35m (0.0ms)[0m  CREATE TABLE "trips" ("id" INTEGER PRIMARY KEY AUTOINCREMENT NOT NULL, "city" varchar(255), "team" varchar(255), "stadium" varchar(255), "created_at" datetime, "updated_at" datetime) 
  [1m[36mSQL (0.0ms)[0m  [1mINSERT INTO "schema_migrations" ("version") VALUES (?)[0m  [["version", "20141124160040"]]
  [1m[35m (171.6ms)[0m  commit transaction
  [1m[36mActiveRecord::SchemaMigration Load (0.0ms)[0m  [1mSELECT "schema_migrations".* FROM "schema_migrations"[0m
  [1m[36mActiveRecord::SchemaMigration Load (0.0ms)[0m  [1mSELECT "schema_migrations".* FROM "schema_migrations"[0m
  [1m[35m (0.0ms)[0m  begin transaction
  [1m[36mSQL (0.0ms)[0m  [1mINSERT INTO "users" ("created_at", "name", "team", "updated_at") VALUES (?, ?, ?, ?)[0m  [["created_at", "2014-11-24 16:48:36.004657"], ["name", "Pepe Dominguez"], ["team", "Betis"], ["updated_at", "2014-11-24 16:48:36.004657"]]
  [1m[35m (109.2ms)[0m  commit transaction
  [1m[36m (0.0ms)[0m  [1mbegin transaction[0m
  [1m[35mSQL (0.0ms)[0m  INSERT INTO "users" ("created_at", "name", "team", "updated_at") VALUES (?, ?, ?, ?)  [["created_at", "2014-11-24 16:48:36.129457"], ["name", "Paco Garcia"], ["team", "Levante"], ["updated_at", "2014-11-24 16:48:36.129457"]]
  [1m[36m (109.2ms)[0m  [1mcommit transaction[0m
  [1m[35m (0.0ms)[0m  begin transaction
  [1m[36mSQL (15.6ms)[0m  [1mINSERT INTO "users" ("created_at", "name", "team", "updated_at") VALUES (?, ?, ?, ?)[0m  [["created_at", "2014-11-24 16:48:36.238657"], ["name", "Juan Gonzalez"], ["team", "Enpanyol"], ["updated_at", "2014-11-24 16:48:36.238657"]]
  [1m[35m (124.8ms)[0m  commit transaction
  [1m[36mActiveRecord::SchemaMigration Load (0.0ms)[0m  [1mSELECT "schema_migrations".* FROM "schema_migrations"[0m
  [1m[35m (0.0ms)[0m  begin transaction
  [1m[36mSQL (0.0ms)[0m  [1mINSERT INTO "users" ("created_at", "name", "team", "updated_at") VALUES (?, ?, ?, ?)[0m  [["created_at", "2014-11-24 16:49:08.089313"], ["name", "Pepe Dominguez"], ["team", "Betis"], ["updated_at", "2014-11-24 16:49:08.089313"]]
  [1m[35m (202.8ms)[0m  commit transaction
  [1m[36m (15.6ms)[0m  [1mbegin transaction[0m
  [1m[35mSQL (0.0ms)[0m  INSERT INTO "users" ("created_at", "name", "team", "updated_at") VALUES (?, ?, ?, ?)  [["created_at", "2014-11-24 16:49:08.323314"], ["name", "Paco Garcia"], ["team", "Levante"], ["updated_at", "2014-11-24 16:49:08.323314"]]
  [1m[36m (202.8ms)[0m  [1mcommit transaction[0m
  [1m[35m (0.0ms)[0m  begin transaction
  [1m[36mSQL (0.0ms)[0m  [1mINSERT INTO "users" ("created_at", "name", "team", "updated_at") VALUES (?, ?, ?, ?)[0m  [["created_at", "2014-11-24 16:49:08.526114"], ["name", "Juan Gonzalez"], ["team", "Enpanyol"], ["updated_at", "2014-11-24 16:49:08.526114"]]
  [1m[35m (124.8ms)[0m  commit transaction
  [1m[36m (0.0ms)[0m  [1mbegin transaction[0m
  [1m[35mSQL (0.0ms)[0m  INSERT INTO "trips" ("city", "created_at", "stadium", "team", "updated_at") VALUES (?, ?, ?, ?, ?)  [["city", "Linares"], ["created_at", "2014-11-24 16:49:08.682115"], ["stadium", "campo de futbol"], ["team", "Linares CF"], ["updated_at", "2014-11-24 16:49:08.682115"]]
  [1m[36m (202.8ms)[0m  [1mcommit transaction[0m
  [1m[36m (171.6ms)[0m  [1mCREATE TABLE "schema_migrations" ("version" varchar(255) NOT NULL) [0m
  [1m[35m (15.6ms)[0m  select sqlite_version(*)
  [1m[36m (156.0ms)[0m  [1mCREATE UNIQUE INDEX "unique_schema_migrations" ON "schema_migrations" ("version")[0m
  [1m[35mActiveRecord::SchemaMigration Load (0.0ms)[0m  SELECT "schema_migrations".* FROM "schema_migrations"
Migrating to CreateUsers (20141124155506)
  [1m[36m (0.0ms)[0m  [1mbegin transaction[0m
  [1m[35m (0.0ms)[0m  CREATE TABLE "users" ("id" INTEGER PRIMARY KEY AUTOINCREMENT NOT NULL, "name" varchar(255), "team" varchar(255), "created_at" datetime, "updated_at" datetime) 
  [1m[36mSQL (0.0ms)[0m  [1mINSERT INTO "schema_migrations" ("version") VALUES (?)[0m  [["version", "20141124155506"]]
  [1m[35m (218.4ms)[0m  commit transaction
Migrating to CreateTrips (20141124160040)
  [1m[36m (0.0ms)[0m  [1mbegin transaction[0m
  [1m[35m (15.6ms)[0m  CREATE TABLE "trips" ("id" INTEGER PRIMARY KEY AUTOINCREMENT NOT NULL, "city" varchar(255), "team" varchar(255), "stadium" varchar(255), "created_at" datetime, "updated_at" datetime) 
  [1m[36mSQL (0.0ms)[0m  [1mINSERT INTO "schema_migrations" ("version") VALUES (?)[0m  [["version", "20141124160040"]]
  [1m[35m (93.6ms)[0m  commit transaction
  [1m[36mActiveRecord::SchemaMigration Load (0.0ms)[0m  [1mSELECT "schema_migrations".* FROM "schema_migrations"[0m
  [1m[36mActiveRecord::SchemaMigration Load (0.0ms)[0m  [1mSELECT "schema_migrations".* FROM "schema_migrations"[0m
  [1m[35m (0.0ms)[0m  begin transaction
  [1m[36mSQL (0.0ms)[0m  [1mINSERT INTO "users" ("created_at", "name", "team", "updated_at") VALUES (?, ?, ?, ?)[0m  [["created_at", "2014-11-24 16:51:40.691920"], ["name", "Pepe Dominguez"], ["team", "Betis"], ["updated_at", "2014-11-24 16:51:40.691920"]]
  [1m[35m (124.8ms)[0m  commit transaction
  [1m[36m (0.0ms)[0m  [1mbegin transaction[0m
  [1m[35mSQL (0.0ms)[0m  INSERT INTO "users" ("created_at", "name", "team", "updated_at") VALUES (?, ?, ?, ?)  [["created_at", "2014-11-24 16:51:40.832320"], ["name", "Paco Garcia"], ["team", "Levante"], ["updated_at", "2014-11-24 16:51:40.832320"]]
  [1m[36m (187.2ms)[0m  [1mcommit transaction[0m
  [1m[35m (0.0ms)[0m  begin transaction
  [1m[36mSQL (0.0ms)[0m  [1mINSERT INTO "users" ("created_at", "name", "team", "updated_at") VALUES (?, ?, ?, ?)[0m  [["created_at", "2014-11-24 16:51:41.019521"], ["name", "Juan Gonzalez"], ["team", "Enpanyol"], ["updated_at", "2014-11-24 16:51:41.019521"]]
  [1m[35m (109.2ms)[0m  commit transaction
  [1m[36m (15.6ms)[0m  [1mbegin transaction[0m
  [1m[35mSQL (0.0ms)[0m  INSERT INTO "trips" ("city", "created_at", "stadium", "team", "updated_at") VALUES (?, ?, ?, ?, ?)  [["city", "Linares"], ["created_at", "2014-11-24 16:51:41.159921"], ["stadium", "campo de futbol"], ["team", "Linares CF"], ["updated_at", "2014-11-24 16:51:41.159921"]]
  [1m[36m (202.8ms)[0m  [1mcommit transaction[0m
  [1m[35m (0.0ms)[0m  begin transaction
  [1m[36mSQL (0.0ms)[0m  [1mINSERT INTO "trips" ("city", "created_at", "stadium", "team", "updated_at") VALUES (?, ?, ?, ?, ?)[0m  [["city", "Vallecas"], ["created_at", "2014-11-24 16:51:41.362721"], ["stadium", "estadio de Vallecas"], ["team", "Rayo Vallecano"], ["updated_at", "2014-11-24 16:51:41.362721"]]
  [1m[35m (187.2ms)[0m  commit transaction
  [1m[36mTrip Load (0.0ms)[0m  [1mSELECT "trips".* FROM "trips"[0m
  [1m[35mTrip Load (0.0ms)[0m  SELECT  "trips".* FROM "trips"   ORDER BY "trips"."id" ASC LIMIT 1
  [1m[36mUser Load (0.0ms)[0m  [1mSELECT  "users".* FROM "users"   ORDER BY "users"."id" ASC LIMIT 1[0m
  [1m[36m (124.8ms)[0m  [1mCREATE TABLE "schema_migrations" ("version" varchar(255) NOT NULL) [0m
  [1m[35m (0.0ms)[0m  select sqlite_version(*)
  [1m[36m (109.2ms)[0m  [1mCREATE UNIQUE INDEX "unique_schema_migrations" ON "schema_migrations" ("version")[0m
  [1m[35mActiveRecord::SchemaMigration Load (0.0ms)[0m  SELECT "schema_migrations".* FROM "schema_migrations"
Migrating to CreateUsers (20141124155506)
  [1m[36m (0.0ms)[0m  [1mbegin transaction[0m
  [1m[35m (0.0ms)[0m  CREATE TABLE "users" ("id" INTEGER PRIMARY KEY AUTOINCREMENT NOT NULL, "name" varchar(255), "team" varchar(255), "created_at" datetime, "updated_at" datetime) 
  [1m[36mSQL (0.0ms)[0m  [1mINSERT INTO "schema_migrations" ("version") VALUES (?)[0m  [["version", "20141124155506"]]
  [1m[35m (171.6ms)[0m  commit transaction
Migrating to CreateTrips (20141124160040)
  [1m[36m (0.0ms)[0m  [1mbegin transaction[0m
  [1m[35m (0.0ms)[0m  CREATE TABLE "trips" ("id" INTEGER PRIMARY KEY AUTOINCREMENT NOT NULL, "city" varchar(255), "team" varchar(255), "stadium" varchar(255), "created_at" datetime, "updated_at" datetime) 
  [1m[36mSQL (0.0ms)[0m  [1mINSERT INTO "schema_migrations" ("version") VALUES (?)[0m  [["version", "20141124160040"]]
  [1m[35m (109.2ms)[0m  commit transaction
  [1m[36mActiveRecord::SchemaMigration Load (0.0ms)[0m  [1mSELECT "schema_migrations".* FROM "schema_migrations"[0m
  [1m[36mActiveRecord::SchemaMigration Load (0.0ms)[0m  [1mSELECT "schema_migrations".* FROM "schema_migrations"[0m
  [1m[35m (0.0ms)[0m  begin transaction
  [1m[36mSQL (15.6ms)[0m  [1mINSERT INTO "users" ("created_at", "name", "team", "updated_at") VALUES (?, ?, ?, ?)[0m  [["created_at", "2014-11-24 17:12:32.881359"], ["name", "Pepe Dominguez"], ["team", "Betis"], ["updated_at", "2014-11-24 17:12:32.881359"]]
  [1m[35m (78.0ms)[0m  commit transaction
  [1m[36m (0.0ms)[0m  [1mbegin transaction[0m
  [1m[35mSQL (0.0ms)[0m  INSERT INTO "users" ("created_at", "name", "team", "updated_at") VALUES (?, ?, ?, ?)  [["created_at", "2014-11-24 17:12:32.974959"], ["name", "Paco Garcia"], ["team", "Levante"], ["updated_at", "2014-11-24 17:12:32.974959"]]
  [1m[36m (93.6ms)[0m  [1mcommit transaction[0m
  [1m[35m (0.0ms)[0m  begin transaction
  [1m[36mSQL (0.0ms)[0m  [1mINSERT INTO "users" ("created_at", "name", "team", "updated_at") VALUES (?, ?, ?, ?)[0m  [["created_at", "2014-11-24 17:12:33.084160"], ["name", "Juan Gonzalez"], ["team", "Enpanyol"], ["updated_at", "2014-11-24 17:12:33.084160"]]
  [1m[35m (93.6ms)[0m  commit transaction
  [1m[36m (124.8ms)[0m  [1mCREATE TABLE "schema_migrations" ("version" varchar(255) NOT NULL) [0m
  [1m[35m (0.0ms)[0m  select sqlite_version(*)
  [1m[36m (124.8ms)[0m  [1mCREATE UNIQUE INDEX "unique_schema_migrations" ON "schema_migrations" ("version")[0m
  [1m[35mActiveRecord::SchemaMigration Load (0.0ms)[0m  SELECT "schema_migrations".* FROM "schema_migrations"
Migrating to CreateUsers (20141124155506)
  [1m[36m (0.0ms)[0m  [1mbegin transaction[0m
  [1m[35m (0.0ms)[0m  CREATE TABLE "users" ("id" INTEGER PRIMARY KEY AUTOINCREMENT NOT NULL, "name" varchar(255), "team" varchar(255), "created_at" datetime, "updated_at" datetime) 
  [1m[36mSQL (0.0ms)[0m  [1mINSERT INTO "schema_migrations" ("version") VALUES (?)[0m  [["version", "20141124155506"]]
  [1m[35m (202.8ms)[0m  commit transaction
Migrating to CreateTrips (20141124160040)
  [1m[36m (0.0ms)[0m  [1mbegin transaction[0m
  [1m[35m (0.0ms)[0m  CREATE TABLE "trips" ("id" INTEGER PRIMARY KEY AUTOINCREMENT NOT NULL, "city" varchar(255), "team" varchar(255), "stadium" varchar(255), "created_at" datetime, "updated_at" datetime) 
  [1m[36mSQL (0.0ms)[0m  [1mINSERT INTO "schema_migrations" ("version") VALUES (?)[0m  [["version", "20141124160040"]]
  [1m[35m (124.8ms)[0m  commit transaction
Migrating to AddColumnUserId (20141124171430)
  [1m[36m (0.0ms)[0m  [1mbegin transaction[0m
  [1m[35m (0.0ms)[0m  ALTER TABLE "trips" ADD "user_id" integer
  [1m[36mSQL (0.0ms)[0m  [1mINSERT INTO "schema_migrations" ("version") VALUES (?)[0m  [["version", "20141124171430"]]
  [1m[35m (171.6ms)[0m  commit transaction
  [1m[36mActiveRecord::SchemaMigration Load (0.0ms)[0m  [1mSELECT "schema_migrations".* FROM "schema_migrations"[0m
  [1m[35mActiveRecord::SchemaMigration Load (0.0ms)[0m  SELECT "schema_migrations".* FROM "schema_migrations"
  [1m[36m (0.0ms)[0m  [1mbegin transaction[0m
  [1m[35mSQL (0.0ms)[0m  INSERT INTO "users" ("created_at", "name", "team", "updated_at") VALUES (?, ?, ?, ?)  [["created_at", "2014-11-24 17:15:53.906317"], ["name", "Pepe Dominguez"], ["team", "Betis"], ["updated_at", "2014-11-24 17:15:53.906317"]]
  [1m[36m (109.2ms)[0m  [1mcommit transaction[0m
  [1m[35m (0.0ms)[0m  begin transaction
  [1m[36mSQL (15.6ms)[0m  [1mINSERT INTO "users" ("created_at", "name", "team", "updated_at") VALUES (?, ?, ?, ?)[0m  [["created_at", "2014-11-24 17:15:54.031117"], ["name", "Paco Garcia"], ["team", "Levante"], ["updated_at", "2014-11-24 17:15:54.031117"]]
  [1m[35m (109.2ms)[0m  commit transaction
  [1m[36m (0.0ms)[0m  [1mbegin transaction[0m
  [1m[35mSQL (0.0ms)[0m  INSERT INTO "users" ("created_at", "name", "team", "updated_at") VALUES (?, ?, ?, ?)  [["created_at", "2014-11-24 17:15:54.155917"], ["name", "Juan Gonzalez"], ["team", "Enpanyol"], ["updated_at", "2014-11-24 17:15:54.155917"]]
  [1m[36m (109.2ms)[0m  [1mcommit transaction[0m
  [1m[35m (0.0ms)[0m  begin transaction
  [1m[36mSQL (0.0ms)[0m  [1mINSERT INTO "trips" ("city", "created_at", "stadium", "team", "updated_at", "user_id") VALUES (?, ?, ?, ?, ?, ?)[0m  [["city", "Linares"], ["created_at", "2014-11-24 17:15:54.343118"], ["stadium", "campo de futbol"], ["team", "Linares CF"], ["updated_at", "2014-11-24 17:15:54.343118"], ["user_id", 1]]
  [1m[35m (202.8ms)[0m  commit transaction
  [1m[36m (0.0ms)[0m  [1mbegin transaction[0m
  [1m[35mSQL (0.0ms)[0m  INSERT INTO "trips" ("city", "created_at", "stadium", "team", "updated_at") VALUES (?, ?, ?, ?, ?)  [["city", "Vallecas"], ["created_at", "2014-11-24 17:15:54.545918"], ["stadium", "estadio de Vallecas"], ["team", "Rayo Vallecano"], ["updated_at", "2014-11-24 17:15:54.545918"]]
  [1m[36m (140.4ms)[0m  [1mcommit transaction[0m


Started GET "/users/index" for 127.0.0.1 at 2014-11-24 18:28:19 +0100
  [1m[36mActiveRecord::SchemaMigration Load (1.0ms)[0m  [1mSELECT "schema_migrations".* FROM "schema_migrations"[0m
Processing by UsersController#index as HTML
  Rendered users/index.html.erb within layouts/application (10.0ms)
Completed 200 OK in 1105ms (Views: 1105.1ms | ActiveRecord: 0.0ms)


Started GET "/assets/static_pages.css?body=1" for 127.0.0.1 at 2014-11-24 18:28:21 +0100


Started GET "/assets/jquery.js?body=1" for 127.0.0.1 at 2014-11-24 18:28:21 +0100


Started GET "/assets/users.css?body=1" for 127.0.0.1 at 2014-11-24 18:28:21 +0100


Started GET "/assets/application.css?body=1" for 127.0.0.1 at 2014-11-24 18:28:22 +0100


Started GET "/assets/static_pages.js?body=1" for 127.0.0.1 at 2014-11-24 18:28:22 +0100


Started GET "/assets/jquery_ujs.js?body=1" for 127.0.0.1 at 2014-11-24 18:28:22 +0100


Started GET "/assets/users.js?body=1" for 127.0.0.1 at 2014-11-24 18:28:22 +0100


Started GET "/assets/application.js?body=1" for 127.0.0.1 at 2014-11-24 18:28:22 +0100


Started GET "/users/" for 127.0.0.1 at 2014-11-24 18:32:12 +0100
Processing by UsersController#index as HTML
  Rendered users/index.html.erb within layouts/application (0.0ms)
Completed 200 OK in 85ms (Views: 84.0ms | ActiveRecord: 0.0ms)


Started GET "/assets/jquery.js?body=1" for 127.0.0.1 at 2014-11-24 18:32:13 +0100


Started GET "/assets/jquery_ujs.js?body=1" for 127.0.0.1 at 2014-11-24 18:32:13 +0100


Started GET "/assets/application.css?body=1" for 127.0.0.1 at 2014-11-24 18:32:13 +0100


Started GET "/assets/users.css?body=1" for 127.0.0.1 at 2014-11-24 18:32:13 +0100


Started GET "/assets/static_pages.css?body=1" for 127.0.0.1 at 2014-11-24 18:32:13 +0100


Started GET "/assets/static_pages.js?body=1" for 127.0.0.1 at 2014-11-24 18:32:13 +0100


Started GET "/assets/users.js?body=1" for 127.0.0.1 at 2014-11-24 18:32:13 +0100


Started GET "/assets/application.js?body=1" for 127.0.0.1 at 2014-11-24 18:32:13 +0100
  [1m[36mUser Load (0.0ms)[0m  [1mSELECT  "users".* FROM "users"   ORDER BY "users"."id" ASC LIMIT 1[0m


Started GET "/users/" for 127.0.0.1 at 2014-11-24 18:35:53 +0100
Processing by UsersController#index as HTML
  [1m[35mUser Load (1.0ms)[0m  SELECT  "users".* FROM "users"   ORDER BY "users"."id" ASC LIMIT 1
  Rendered users/index.html.erb within layouts/application (38.0ms)
Completed 200 OK in 127ms (Views: 125.0ms | ActiveRecord: 2.0ms)


Started GET "/assets/jquery_ujs.js?body=1" for 127.0.0.1 at 2014-11-24 18:35:54 +0100


Started GET "/assets/application.css?body=1" for 127.0.0.1 at 2014-11-24 18:35:54 +0100


Started GET "/assets/static_pages.css?body=1" for 127.0.0.1 at 2014-11-24 18:35:54 +0100


Started GET "/assets/users.css?body=1" for 127.0.0.1 at 2014-11-24 18:35:54 +0100


Started GET "/assets/jquery.js?body=1" for 127.0.0.1 at 2014-11-24 18:35:54 +0100


Started GET "/assets/static_pages.js?body=1" for 127.0.0.1 at 2014-11-24 18:35:54 +0100


Started GET "/assets/users.js?body=1" for 127.0.0.1 at 2014-11-24 18:35:54 +0100


Started GET "/assets/application.js?body=1" for 127.0.0.1 at 2014-11-24 18:35:54 +0100


Started GET "/users/" for 127.0.0.1 at 2014-11-24 18:40:01 +0100
Processing by UsersController#index as HTML
  [1m[36mUser Load (1.0ms)[0m  [1mSELECT "users".* FROM "users"[0m
  Rendered users/index.html.erb within layouts/application (27.0ms)
Completed 500 Internal Server Error in 77ms

ActionView::Template::Error (wrong number of arguments (1 for 0)):
    1: <h1>Users#index</h1>
    2: <p>
    3: 	<% @users.each do |user| %>
    4: 		<%= user.name user.team %>
    5: 	<% end %>
    6: </p>
  app/views/users/index.html.erb:4:in `block in _app_views_users_index_html_erb___491741840_34587048'
  app/views/users/index.html.erb:3:in `_app_views_users_index_html_erb___491741840_34587048'


  Rendered C:/RailsInstaller/Ruby1.9.3/lib/ruby/gems/1.9.1/gems/actionpack-4.1.7/lib/action_dispatch/middleware/templates/rescues/_trace.html.erb (2.0ms)
  Rendered C:/RailsInstaller/Ruby1.9.3/lib/ruby/gems/1.9.1/gems/actionpack-4.1.7/lib/action_dispatch/middleware/templates/rescues/_request_and_response.html.erb (1.0ms)
  Rendered C:/RailsInstaller/Ruby1.9.3/lib/ruby/gems/1.9.1/gems/actionpack-4.1.7/lib/action_dispatch/middleware/templates/rescues/template_error.html.erb within rescues/layout (78.0ms)


Started GET "/users/" for 127.0.0.1 at 2014-11-24 18:40:49 +0100
Processing by UsersController#index as HTML
  [1m[35mUser Load (0.0ms)[0m  SELECT "users".* FROM "users"
  Rendered users/index.html.erb within layouts/application (2.0ms)
Completed 200 OK in 93ms (Views: 93.0ms | ActiveRecord: 0.0ms)


Started GET "/assets/static_pages.css?body=1" for 127.0.0.1 at 2014-11-24 18:40:49 +0100


Started GET "/assets/jquery_ujs.js?body=1" for 127.0.0.1 at 2014-11-24 18:40:49 +0100


Started GET "/assets/application.css?body=1" for 127.0.0.1 at 2014-11-24 18:40:49 +0100


Started GET "/assets/static_pages.js?body=1" for 127.0.0.1 at 2014-11-24 18:40:49 +0100


Started GET "/assets/users.css?body=1" for 127.0.0.1 at 2014-11-24 18:40:49 +0100


Started GET "/assets/jquery.js?body=1" for 127.0.0.1 at 2014-11-24 18:40:49 +0100


Started GET "/assets/users.js?body=1" for 127.0.0.1 at 2014-11-24 18:40:49 +0100


Started GET "/assets/application.js?body=1" for 127.0.0.1 at 2014-11-24 18:40:49 +0100


Started GET "/users/" for 127.0.0.1 at 2014-11-24 18:41:27 +0100
Processing by UsersController#index as HTML
  [1m[36mUser Load (1.0ms)[0m  [1mSELECT "users".* FROM "users"[0m
  Rendered users/index.html.erb within layouts/application (3.0ms)
Completed 200 OK in 119ms (Views: 118.0ms | ActiveRecord: 1.0ms)


Started GET "/assets/users.css?body=1" for 127.0.0.1 at 2014-11-24 18:41:28 +0100


Started GET "/assets/static_pages.js?body=1" for 127.0.0.1 at 2014-11-24 18:41:28 +0100


Started GET "/assets/jquery.js?body=1" for 127.0.0.1 at 2014-11-24 18:41:28 +0100


Started GET "/assets/static_pages.css?body=1" for 127.0.0.1 at 2014-11-24 18:41:28 +0100


Started GET "/assets/jquery_ujs.js?body=1" for 127.0.0.1 at 2014-11-24 18:41:28 +0100


Started GET "/assets/application.css?body=1" for 127.0.0.1 at 2014-11-24 18:41:28 +0100


Started GET "/assets/users.js?body=1" for 127.0.0.1 at 2014-11-24 18:41:28 +0100


Started GET "/assets/application.js?body=1" for 127.0.0.1 at 2014-11-24 18:41:28 +0100
  [1m[36mActiveRecord::SchemaMigration Load (0.0ms)[0m  [1mSELECT "schema_migrations".* FROM "schema_migrations"[0m
  [1m[35mActiveRecord::SchemaMigration Load (0.0ms)[0m  SELECT "schema_migrations".* FROM "schema_migrations"
  [1m[36mActiveRecord::SchemaMigration Load (0.0ms)[0m  [1mSELECT "schema_migrations".* FROM "schema_migrations"[0m
  [1m[35m (0.0ms)[0m  begin transaction
  [1m[36mSQL (15.6ms)[0m  [1mINSERT INTO "users" ("created_at", "name", "team", "updated_at") VALUES (?, ?, ?, ?)[0m  [["created_at", "2014-11-24 17:42:36.725686"], ["name", "Pepe Dominguez"], ["team", "Betis"], ["updated_at", "2014-11-24 17:42:36.725686"]]
  [1m[35m (109.2ms)[0m  commit transaction
  [1m[36m (0.0ms)[0m  [1mbegin transaction[0m
  [1m[35mSQL (15.6ms)[0m  INSERT INTO "users" ("created_at", "name", "team", "updated_at") VALUES (?, ?, ?, ?)  [["created_at", "2014-11-24 17:42:36.850486"], ["name", "Paco Garcia"], ["team", "Levante"], ["updated_at", "2014-11-24 17:42:36.850486"]]
  [1m[36m (93.6ms)[0m  [1mcommit transaction[0m
  [1m[35m (0.0ms)[0m  begin transaction
  [1m[36mSQL (0.0ms)[0m  [1mINSERT INTO "users" ("created_at", "name", "team", "updated_at") VALUES (?, ?, ?, ?)[0m  [["created_at", "2014-11-24 17:42:36.959686"], ["name", "Juan Gonzalez"], ["team", "Espanyol"], ["updated_at", "2014-11-24 17:42:36.959686"]]
  [1m[35m (109.2ms)[0m  commit transaction
  [1m[36m (0.0ms)[0m  [1mbegin transaction[0m
  [1m[35mSQL (0.0ms)[0m  INSERT INTO "trips" ("city", "created_at", "stadium", "team", "updated_at", "user_id") VALUES (?, ?, ?, ?, ?, ?)  [["city", "Linares"], ["created_at", "2014-11-24 17:42:37.115687"], ["stadium", "campo de futbol"], ["team", "Linares CF"], ["updated_at", "2014-11-24 17:42:37.115687"], ["user_id", 4]]
  [1m[36m (109.2ms)[0m  [1mcommit transaction[0m
  [1m[35m (0.0ms)[0m  begin transaction
  [1m[36mSQL (0.0ms)[0m  [1mINSERT INTO "trips" ("city", "created_at", "stadium", "team", "updated_at") VALUES (?, ?, ?, ?, ?)[0m  [["city", "Vallecas"], ["created_at", "2014-11-24 17:42:37.240487"], ["stadium", "estadio de Vallecas"], ["team", "Rayo Vallecano"], ["updated_at", "2014-11-24 17:42:37.240487"]]
  [1m[35m (124.8ms)[0m  commit transaction
  [1m[36m (124.8ms)[0m  [1mCREATE TABLE "schema_migrations" ("version" varchar(255) NOT NULL) [0m
  [1m[35m (0.0ms)[0m  select sqlite_version(*)
  [1m[36m (140.4ms)[0m  [1mCREATE UNIQUE INDEX "unique_schema_migrations" ON "schema_migrations" ("version")[0m
  [1m[35mActiveRecord::SchemaMigration Load (15.6ms)[0m  SELECT "schema_migrations".* FROM "schema_migrations"
Migrating to CreateUsers (20141124155506)
  [1m[36m (0.0ms)[0m  [1mbegin transaction[0m
  [1m[35m (0.0ms)[0m  CREATE TABLE "users" ("id" INTEGER PRIMARY KEY AUTOINCREMENT NOT NULL, "name" varchar(255), "team" varchar(255), "created_at" datetime, "updated_at" datetime) 
  [1m[36mSQL (0.0ms)[0m  [1mINSERT INTO "schema_migrations" ("version") VALUES (?)[0m  [["version", "20141124155506"]]
  [1m[35m (124.8ms)[0m  commit transaction
Migrating to CreateTrips (20141124160040)
  [1m[36m (0.0ms)[0m  [1mbegin transaction[0m
  [1m[35m (0.0ms)[0m  CREATE TABLE "trips" ("id" INTEGER PRIMARY KEY AUTOINCREMENT NOT NULL, "city" varchar(255), "team" varchar(255), "stadium" varchar(255), "created_at" datetime, "updated_at" datetime) 
  [1m[36mSQL (0.0ms)[0m  [1mINSERT INTO "schema_migrations" ("version") VALUES (?)[0m  [["version", "20141124160040"]]
  [1m[35m (109.2ms)[0m  commit transaction
Migrating to AddColumnUserId (20141124171430)
  [1m[36m (0.0ms)[0m  [1mbegin transaction[0m
  [1m[35m (15.6ms)[0m  ALTER TABLE "trips" ADD "user_id" integer
  [1m[36mSQL (0.0ms)[0m  [1mINSERT INTO "schema_migrations" ("version") VALUES (?)[0m  [["version", "20141124171430"]]
  [1m[35m (187.2ms)[0m  commit transaction
  [1m[36mActiveRecord::SchemaMigration Load (0.0ms)[0m  [1mSELECT "schema_migrations".* FROM "schema_migrations"[0m
  [1m[35mActiveRecord::SchemaMigration Load (0.0ms)[0m  SELECT "schema_migrations".* FROM "schema_migrations"
  [1m[36m (0.0ms)[0m  [1mbegin transaction[0m
  [1m[35mSQL (15.6ms)[0m  INSERT INTO "users" ("created_at", "name", "team", "updated_at") VALUES (?, ?, ?, ?)  [["created_at", "2014-11-24 17:43:46.840610"], ["name", "Pepe Dominguez"], ["team", "Betis"], ["updated_at", "2014-11-24 17:43:46.840610"]]
  [1m[36m (124.8ms)[0m  [1mcommit transaction[0m
  [1m[35m (0.0ms)[0m  begin transaction
  [1m[36mSQL (0.0ms)[0m  [1mINSERT INTO "users" ("created_at", "name", "team", "updated_at") VALUES (?, ?, ?, ?)[0m  [["created_at", "2014-11-24 17:43:46.981011"], ["name", "Paco Garcia"], ["team", "Levante"], ["updated_at", "2014-11-24 17:43:46.981011"]]
  [1m[35m (124.8ms)[0m  commit transaction
  [1m[36m (0.0ms)[0m  [1mbegin transaction[0m
  [1m[35mSQL (0.0ms)[0m  INSERT INTO "users" ("created_at", "name", "team", "updated_at") VALUES (?, ?, ?, ?)  [["created_at", "2014-11-24 17:43:47.105811"], ["name", "Juan Gonzalez"], ["team", "Espanyol"], ["updated_at", "2014-11-24 17:43:47.105811"]]
  [1m[36m (124.8ms)[0m  [1mcommit transaction[0m
  [1m[35m (0.0ms)[0m  begin transaction
  [1m[36mSQL (0.0ms)[0m  [1mINSERT INTO "trips" ("city", "created_at", "stadium", "team", "updated_at", "user_id") VALUES (?, ?, ?, ?, ?, ?)[0m  [["city", "Linares"], ["created_at", "2014-11-24 17:43:47.308611"], ["stadium", "campo de futbol"], ["team", "Linares CF"], ["updated_at", "2014-11-24 17:43:47.308611"], ["user_id", 1]]
  [1m[35m (187.2ms)[0m  commit transaction
  [1m[36m (0.0ms)[0m  [1mbegin transaction[0m
  [1m[35mSQL (0.0ms)[0m  INSERT INTO "trips" ("city", "created_at", "stadium", "team", "updated_at") VALUES (?, ?, ?, ?, ?)  [["city", "Vallecas"], ["created_at", "2014-11-24 17:43:47.495812"], ["stadium", "estadio de Vallecas"], ["team", "Rayo Vallecano"], ["updated_at", "2014-11-24 17:43:47.495812"]]
  [1m[36m (109.2ms)[0m  [1mcommit transaction[0m
  [1m[36m (218.4ms)[0m  [1mCREATE TABLE "schema_migrations" ("version" varchar(255) NOT NULL) [0m
  [1m[35m (0.0ms)[0m  select sqlite_version(*)
  [1m[36m (140.4ms)[0m  [1mCREATE UNIQUE INDEX "unique_schema_migrations" ON "schema_migrations" ("version")[0m
  [1m[35mActiveRecord::SchemaMigration Load (0.0ms)[0m  SELECT "schema_migrations".* FROM "schema_migrations"
Migrating to CreateUsers (20141124155506)
  [1m[36m (0.0ms)[0m  [1mbegin transaction[0m
  [1m[35m (0.0ms)[0m  CREATE TABLE "users" ("id" INTEGER PRIMARY KEY AUTOINCREMENT NOT NULL, "name" varchar(255), "team" varchar(255), "created_at" datetime, "updated_at" datetime) 
  [1m[36mSQL (0.0ms)[0m  [1mINSERT INTO "schema_migrations" ("version") VALUES (?)[0m  [["version", "20141124155506"]]
  [1m[35m (124.8ms)[0m  commit transaction
Migrating to CreateTrips (20141124160040)
  [1m[36m (0.0ms)[0m  [1mbegin transaction[0m
  [1m[35m (0.0ms)[0m  CREATE TABLE "trips" ("id" INTEGER PRIMARY KEY AUTOINCREMENT NOT NULL, "city" varchar(255), "team" varchar(255), "stadium" varchar(255), "created_at" datetime, "updated_at" datetime) 
  [1m[36mSQL (0.0ms)[0m  [1mINSERT INTO "schema_migrations" ("version") VALUES (?)[0m  [["version", "20141124160040"]]
  [1m[35m (124.8ms)[0m  commit transaction
Migrating to AddColumnUserId (20141124171430)
  [1m[36m (0.0ms)[0m  [1mbegin transaction[0m
  [1m[35m (0.0ms)[0m  ALTER TABLE "trips" ADD "user_id" integer
  [1m[36mSQL (0.0ms)[0m  [1mINSERT INTO "schema_migrations" ("version") VALUES (?)[0m  [["version", "20141124171430"]]
  [1m[35m (124.8ms)[0m  commit transaction
  [1m[36mActiveRecord::SchemaMigration Load (0.0ms)[0m  [1mSELECT "schema_migrations".* FROM "schema_migrations"[0m
  [1m[35mActiveRecord::SchemaMigration Load (0.0ms)[0m  SELECT "schema_migrations".* FROM "schema_migrations"
  [1m[36m (0.0ms)[0m  [1mbegin transaction[0m
  [1m[35mSQL (0.0ms)[0m  INSERT INTO "users" ("created_at", "name", "team", "updated_at") VALUES (?, ?, ?, ?)  [["created_at", "2014-11-24 17:56:39.325063"], ["name", "Pepe Dominguez"], ["team", "Betis"], ["updated_at", "2014-11-24 17:56:39.325063"]]
  [1m[36m (187.2ms)[0m  [1mcommit transaction[0m
  [1m[35m (0.0ms)[0m  begin transaction
  [1m[36mSQL (0.0ms)[0m  [1mINSERT INTO "users" ("created_at", "name", "team", "updated_at") VALUES (?, ?, ?, ?)[0m  [["created_at", "2014-11-24 17:56:39.527863"], ["name", "Paco Garcia"], ["team", "Levante"], ["updated_at", "2014-11-24 17:56:39.527863"]]
  [1m[35m (202.8ms)[0m  commit transaction
  [1m[36m (0.0ms)[0m  [1mbegin transaction[0m
  [1m[35mSQL (15.6ms)[0m  INSERT INTO "users" ("created_at", "name", "team", "updated_at") VALUES (?, ?, ?, ?)  [["created_at", "2014-11-24 17:56:39.730663"], ["name", "Juan Gonzalez"], ["team", "Espanyol"], ["updated_at", "2014-11-24 17:56:39.730663"]]
  [1m[36m (140.4ms)[0m  [1mcommit transaction[0m
  [1m[35m (0.0ms)[0m  begin transaction
  [1m[36mSQL (15.6ms)[0m  [1mINSERT INTO "users" ("created_at", "name", "team", "updated_at") VALUES (?, ?, ?, ?)[0m  [["created_at", "2014-11-24 17:56:39.886664"], ["name", "Pablo Barrio"], ["team", "Rayo"], ["updated_at", "2014-11-24 17:56:39.886664"]]
  [1m[35m (124.8ms)[0m  commit transaction
  [1m[36m (0.0ms)[0m  [1mbegin transaction[0m
  [1m[35mSQL (0.0ms)[0m  INSERT INTO "users" ("created_at", "name", "team", "updated_at") VALUES (?, ?, ?, ?)  [["created_at", "2014-11-24 17:56:40.042664"], ["name", "Estela Pedrero"], ["team", "Zamora"], ["updated_at", "2014-11-24 17:56:40.042664"]]
  [1m[36m (140.4ms)[0m  [1mcommit transaction[0m
  [1m[35m (0.0ms)[0m  begin transaction
  [1m[36mSQL (0.0ms)[0m  [1mINSERT INTO "users" ("created_at", "name", "team", "updated_at") VALUES (?, ?, ?, ?)[0m  [["created_at", "2014-11-24 17:56:40.198664"], ["name", "Alvaro"], ["team", "Leganes"], ["updated_at", "2014-11-24 17:56:40.198664"]]
  [1m[35m (234.0ms)[0m  commit transaction
  [1m[36m (0.0ms)[0m  [1mbegin transaction[0m
  [1m[35mSQL (0.0ms)[0m  INSERT INTO "users" ("created_at", "name", "team", "updated_at") VALUES (?, ?, ?, ?)  [["created_at", "2014-11-24 17:56:40.432665"], ["name", "Fernando"], ["team", "Betis"], ["updated_at", "2014-11-24 17:56:40.432665"]]
  [1m[36m (124.8ms)[0m  [1mcommit transaction[0m
  [1m[35m (0.0ms)[0m  begin transaction
  [1m[36mSQL (0.0ms)[0m  [1mINSERT INTO "trips" ("city", "created_at", "stadium", "team", "updated_at", "user_id") VALUES (?, ?, ?, ?, ?, ?)[0m  [["city", "Linares"], ["created_at", "2014-11-24 17:56:40.651065"], ["stadium", "Municipal de Linarejos"], ["team", "CD Linares"], ["updated_at", "2014-11-24 17:56:40.651065"], ["user_id", 1]]
  [1m[35m (140.4ms)[0m  commit transaction
  [1m[36m (0.0ms)[0m  [1mbegin transaction[0m
  [1m[35mSQL (0.0ms)[0m  INSERT INTO "trips" ("city", "created_at", "stadium", "team", "updated_at") VALUES (?, ?, ?, ?, ?)  [["city", "Vallecas"], ["created_at", "2014-11-24 17:56:40.791465"], ["stadium", "Estadio de Vallecas"], ["team", "Rayo Vallecano"], ["updated_at", "2014-11-24 17:56:40.791465"]]
  [1m[36m (124.8ms)[0m  [1mcommit transaction[0m
  [1m[35m (0.0ms)[0m  begin transaction
  [1m[36mSQL (0.0ms)[0m  [1mINSERT INTO "trips" ("city", "created_at", "stadium", "team", "updated_at") VALUES (?, ?, ?, ?, ?)[0m  [["city", "Zamora"], ["created_at", "2014-11-24 17:56:40.931866"], ["stadium", "Ruta de la Plata"], ["team", "Zamora CF"], ["updated_at", "2014-11-24 17:56:40.931866"]]
  [1m[35m (218.4ms)[0m  commit transaction
  [1m[36m (0.0ms)[0m  [1mbegin transaction[0m
  [1m[35mSQL (0.0ms)[0m  INSERT INTO "trips" ("city", "created_at", "stadium", "team", "updated_at") VALUES (?, ?, ?, ?, ?)  [["city", "Castellon"], ["created_at", "2014-11-24 17:56:41.150266"], ["stadium", "Castalia"], ["team", "Castellon"], ["updated_at", "2014-11-24 17:56:41.150266"]]
  [1m[36m (156.0ms)[0m  [1mcommit transaction[0m
  [1m[35m (0.0ms)[0m  begin transaction
  [1m[36mSQL (0.0ms)[0m  [1mINSERT INTO "trips" ("city", "created_at", "stadium", "team", "updated_at") VALUES (?, ?, ?, ?, ?)[0m  [["city", "Burgos"], ["created_at", "2014-11-24 17:56:41.306266"], ["stadium", "El Plantio"], ["team", "Burgos CF"], ["updated_at", "2014-11-24 17:56:41.306266"]]
  [1m[35m (249.6ms)[0m  commit transaction


Started GET "/users/" for 127.0.0.1 at 2014-11-24 19:02:27 +0100
  [1m[36mActiveRecord::SchemaMigration Load (0.0ms)[0m  [1mSELECT "schema_migrations".* FROM "schema_migrations"[0m
Processing by UsersController#index as HTML
  [1m[35mUser Load (0.0ms)[0m  SELECT "users".* FROM "users"
  Rendered users/index.html.erb within layouts/application (19.0ms)
Completed 200 OK in 350ms (Views: 323.0ms | ActiveRecord: 1.0ms)


Started GET "/assets/jquery_ujs.js?body=1" for 127.0.0.1 at 2014-11-24 19:02:29 +0100


Started GET "/assets/static_pages.css?body=1" for 127.0.0.1 at 2014-11-24 19:02:29 +0100


Started GET "/assets/users.css?body=1" for 127.0.0.1 at 2014-11-24 19:02:29 +0100


Started GET "/assets/static_pages.js?body=1" for 127.0.0.1 at 2014-11-24 19:02:29 +0100


Started GET "/assets/jquery.js?body=1" for 127.0.0.1 at 2014-11-24 19:02:29 +0100


Started GET "/assets/application.css?body=1" for 127.0.0.1 at 2014-11-24 19:02:29 +0100


Started GET "/assets/users.js?body=1" for 127.0.0.1 at 2014-11-24 19:02:29 +0100


Started GET "/assets/application.js?body=1" for 127.0.0.1 at 2014-11-24 19:02:29 +0100


Started GET "/users/" for 127.0.0.1 at 2014-11-24 19:04:04 +0100
Processing by UsersController#index as HTML
  [1m[36mUser Load (1.0ms)[0m  [1mSELECT "users".* FROM "users"[0m
  Rendered users/index.html.erb within layouts/application (2.0ms)
Completed 200 OK in 175ms (Views: 174.0ms | ActiveRecord: 1.0ms)


Started GET "/assets/jquery_ujs.js?body=1" for 127.0.0.1 at 2014-11-24 19:04:04 +0100


Started GET "/assets/static_pages.css?body=1" for 127.0.0.1 at 2014-11-24 19:04:04 +0100


Started GET "/assets/application.css?body=1" for 127.0.0.1 at 2014-11-24 19:04:04 +0100


Started GET "/assets/jquery.js?body=1" for 127.0.0.1 at 2014-11-24 19:04:04 +0100


Started GET "/assets/users.css?body=1" for 127.0.0.1 at 2014-11-24 19:04:04 +0100


Started GET "/assets/static_pages.js?body=1" for 127.0.0.1 at 2014-11-24 19:04:04 +0100


Started GET "/assets/users.js?body=1" for 127.0.0.1 at 2014-11-24 19:04:04 +0100


Started GET "/assets/application.js?body=1" for 127.0.0.1 at 2014-11-24 19:04:05 +0100


Started GET "/" for 127.0.0.1 at 2014-11-24 20:52:19 +0100
  [1m[36mActiveRecord::SchemaMigration Load (1.0ms)[0m  [1mSELECT "schema_migrations".* FROM "schema_migrations"[0m
Processing by StaticPagesController#home as HTML
  Rendered static_pages/home.html.erb within layouts/application (41.0ms)
Completed 200 OK in 810ms (Views: 810.0ms | ActiveRecord: 0.0ms)


Started GET "/assets/static_pages.css?body=1" for 127.0.0.1 at 2014-11-24 20:52:21 +0100


Started GET "/assets/users.css?body=1" for 127.0.0.1 at 2014-11-24 20:52:21 +0100


Started GET "/assets/application.css?body=1" for 127.0.0.1 at 2014-11-24 20:52:21 +0100


Started GET "/assets/jquery.js?body=1" for 127.0.0.1 at 2014-11-24 20:52:21 +0100


Started GET "/assets/jquery_ujs.js?body=1" for 127.0.0.1 at 2014-11-24 20:52:21 +0100


Started GET "/assets/static_pages.js?body=1" for 127.0.0.1 at 2014-11-24 20:52:21 +0100


Started GET "/assets/users.js?body=1" for 127.0.0.1 at 2014-11-24 20:52:21 +0100


Started GET "/assets/application.js?body=1" for 127.0.0.1 at 2014-11-24 20:52:21 +0100


Started GET "/assets/fondoo.jpg" for 127.0.0.1 at 2014-11-24 20:52:21 +0100
